生成启动时间为 2022/12/12 11:16:14。
     1>项目“D:\pythonTest\c++dll调用\LandErRen\dll\testC++\testC++.vcxproj”在节点 2 上(Build 个目标)。
     1>ClCompile:
         C:\Program Files (x86)\Microsoft Visual Studio 12.0\VC\bin\CL.exe /c /Zi /nologo /W3 /WX- /sdl /O2 /Oi /Oy- /GL /D WIN32 /D NDEBUG /D _WINDOWS /D _USRDLL /D TESTC_EXPORTS /D _CRT_SECURE_NO_DEPRECATE /D _WINDLL /D _UNICODE /D UNICODE /Gm- /EHsc /MD /GS /Gy /fp:precise /Zc:wchar_t /Zc:forScope /Yu"stdafx.h" /Fp"Release\testC++.pch" /Fo"Release\\" /Fd"Release\vc120.pdb" /Gd /TP /analyze- /errorReport:prompt testC++.cpp
         testC++.cpp
     1>testC++.cpp(93): warning C4018: “<”: 有符号/无符号不匹配
     1>testC++.cpp(96): warning C4018: “<”: 有符号/无符号不匹配
     1>testC++.cpp(114): warning C4018: “<”: 有符号/无符号不匹配
     1>testC++.cpp(117): warning C4018: “<”: 有符号/无符号不匹配
     1>testC++.cpp(153): error C2664: “int MessageBoxW(HWND,LPCWSTR,LPCWSTR,UINT)”: 无法将参数 2 从“const char [31]”转换为“LPCWSTR”
                 与指向的类型无关；转换要求 reinterpret_cast、C 样式转换或函数样式转换
     1>testC++.cpp(194): error C2664: “int MessageBoxW(HWND,LPCWSTR,LPCWSTR,UINT)”: 无法将参数 2 从“const char [31]”转换为“LPCWSTR”
                 与指向的类型无关；转换要求 reinterpret_cast、C 样式转换或函数样式转换
     1>testC++.cpp(211): warning C4244: “初始化”: 从“int”转换到“float”，可能丢失数据
     1>testC++.cpp(218): warning C4244: “return”: 从“float”转换到“int”，可能丢失数据
     1>testC++.cpp(228): error C2664: “int MessageBoxW(HWND,LPCWSTR,LPCWSTR,UINT)”: 无法将参数 2 从“const char [31]”转换为“LPCWSTR”
                 与指向的类型无关；转换要求 reinterpret_cast、C 样式转换或函数样式转换
     1>testC++.cpp(272): error C2664: “int MessageBoxW(HWND,LPCWSTR,LPCWSTR,UINT)”: 无法将参数 2 从“const char [31]”转换为“LPCWSTR”
                 与指向的类型无关；转换要求 reinterpret_cast、C 样式转换或函数样式转换
     1>testC++.cpp(293): error C2664: “int MessageBoxW(HWND,LPCWSTR,LPCWSTR,UINT)”: 无法将参数 2 从“const char [31]”转换为“LPCWSTR”
                 与指向的类型无关；转换要求 reinterpret_cast、C 样式转换或函数样式转换
     1>testC++.cpp(314): error C2664: “int MessageBoxW(HWND,LPCWSTR,LPCWSTR,UINT)”: 无法将参数 2 从“const char [31]”转换为“LPCWSTR”
                 与指向的类型无关；转换要求 reinterpret_cast、C 样式转换或函数样式转换
     1>已完成生成项目“D:\pythonTest\c++dll调用\LandErRen\dll\testC++\testC++.vcxproj”(Build 个目标)的操作 - 失败。

生成失败。

已用时间 00:00:00.22
