生成启动时间为 2022/8/25 22:38:17。
     1>项目“D:\pythonTest\c++dll调用\LaiZi_shiSanZhangSuanFa\ShiSanZhang_dll\testC++\testC++.vcxproj”在节点 2 上(Build 个目标)。
     1>ClCompile:
         C:\Program Files (x86)\Microsoft Visual Studio 12.0\VC\bin\x86_amd64\CL.exe /c /Zi /nologo /W3 /WX- /sdl /Ox /Oi /GL /D WIN32 /D NDEBUG /D _WINDOWS /D _USRDLL /D TESTC_EXPORTS /D _CRT_SECURE_NO_WARNINGS /Gm- /EHsc /MD /GS /Gy /fp:precise /Zc:wchar_t /Zc:forScope /Yu"stdafx.h" /Fp"x64\Release\testC++.pch" /Fo"x64\Release\\" /Fd"x64\Release\vc120.pdb" /Gd /TP /errorReport:prompt testC++.cpp
         testC++.cpp
     1>testC++.cpp(151): error C2556: “int *fntestC(BYTE [],BYTE,BYTE [],BYTE,BYTE [],BYTE,BYTE,BYTE,BYTE &,BYTE [])”: 重载函数与“tagOutCardResultNew *fntestC(BYTE [],BYTE,BYTE [],BYTE,BYTE [],BYTE,BYTE,BYTE,BYTE &,BYTE [])”只是在返回类型上不同
                 d:\pythontest\c++dll调用\laizi_shisanzhangsuanfa\shisanzhang_dll\testc++\testC++.h(16) : 参见“fntestC”的声明
     1>testC++.cpp(151): error C2371: “fntestC”: 重定义；不同的基类型
                 d:\pythontest\c++dll调用\laizi_shisanzhangsuanfa\shisanzhang_dll\testc++\testC++.h(16) : 参见“fntestC”的声明
     1>testC++.cpp(202): warning C4244: “初始化”: 从“int”转换到“float”，可能丢失数据
     1>testC++.cpp(209): warning C4244: “return”: 从“float”转换到“int”，可能丢失数据
     1>已完成生成项目“D:\pythonTest\c++dll调用\LaiZi_shiSanZhangSuanFa\ShiSanZhang_dll\testC++\testC++.vcxproj”(Build 个目标)的操作 - 失败。

生成失败。

已用时间 00:00:00.39
